<?xml version="1.0" encoding="UTF-8"?>
<!-- Generated by org.testng.reporters.JUnitXMLReporter -->
<testsuite hostname="smruti-ThinkPad-T420" ignored="0" name="testngTest" tests="3" failures="0" timestamp="25 Jun 2019 09:41:05 GMT" time="52.553" errors="0">
  <testcase name="verifycontact" time="18.902" classname="webapp.testcases.Contact"/>
  <testcase name="verifypack" time="18.146" classname="webapp.testcases.pack"/>
  <testcase name="verifyquick" time="15.485" classname="webapp.testcases.quick"/>
</testsuite> <!-- testngTest -->
