<?xml version="1.0" encoding="UTF-8"?>
<!-- Generated by org.testng.reporters.JUnitXMLReporter -->
<testsuite hostname="smruti-ThinkPad-T420" ignored="0" name="testngTest" tests="3" failures="0" timestamp="18 Jun 2019 09:28:34 GMT" time="40.567" errors="0">
  <testcase name="verifycontact" time="15.98" classname="webapp.testcases.Contact"/>
  <testcase name="verifypack" time="17.053" classname="webapp.testcases.pack"/>
  <testcase name="verifyquick" time="7.512" classname="webapp.testcases.quick"/>
</testsuite> <!-- testngTest -->
