<?xml version="1.0" encoding="UTF-8"?>
<testng-results skipped="0" failed="0" ignored="0" total="2" passed="2">
  <reporter-output>
  </reporter-output>
  <suite name="softwaretestingmaterial" duration-ms="28356" started-at="2019-06-11T12:38:43Z" finished-at="2019-06-11T12:39:11Z">
    <groups>
    </groups>
    <test name="testngTest" duration-ms="28356" started-at="2019-06-11T12:38:43Z" finished-at="2019-06-11T12:39:11Z">
      <class name="webapp.testcases.Contact">
        <test-method status="PASS" signature="verifycontact()[pri:0, instance:webapp.testcases.Contact@5d624da6]" name="verifycontact" duration-ms="18899" started-at="2019-06-11T12:38:52Z" finished-at="2019-06-11T12:39:11Z">
          <reporter-output>
          </reporter-output>
        </test-method> <!-- verifycontact -->
      </class> <!-- webapp.testcases.Contact -->
      <class name="webapp.testcases.location">
        <test-method status="PASS" signature="verifyvalidlocation()[pri:0, instance:webapp.testcases.location@2ef9b8bc]" name="verifyvalidlocation" duration-ms="9439" started-at="2019-06-11T12:38:43Z" finished-at="2019-06-11T12:38:52Z">
          <reporter-output>
          </reporter-output>
        </test-method> <!-- verifyvalidlocation -->
      </class> <!-- webapp.testcases.location -->
    </test> <!-- testngTest -->
  </suite> <!-- softwaretestingmaterial -->
</testng-results>
