<?xml version="1.0" encoding="UTF-8"?>
<testng-results skipped="0" failed="0" ignored="0" total="2" passed="2">
  <reporter-output>
  </reporter-output>
  <suite name="softwaretestingmaterial" duration-ms="34223" started-at="2019-06-11T07:08:14Z" finished-at="2019-06-11T07:08:49Z">
    <groups>
    </groups>
    <test name="testngTest" duration-ms="34223" started-at="2019-06-11T07:08:14Z" finished-at="2019-06-11T07:08:49Z">
      <class name="webapp.testcases.Contact">
        <test-method status="PASS" signature="verifycontact()[pri:0, instance:webapp.testcases.Contact@6a41eaa2]" name="verifycontact" duration-ms="18276" started-at="2019-06-11T07:08:30Z" finished-at="2019-06-11T07:08:49Z">
          <reporter-output>
          </reporter-output>
        </test-method> <!-- verifycontact -->
      </class> <!-- webapp.testcases.Contact -->
      <class name="webapp.testcases.location">
        <test-method status="PASS" signature="verifyvalidlocation()[pri:0, instance:webapp.testcases.location@685cb137]" name="verifyvalidlocation" duration-ms="15857" started-at="2019-06-11T07:08:14Z" finished-at="2019-06-11T07:08:30Z">
          <reporter-output>
          </reporter-output>
        </test-method> <!-- verifyvalidlocation -->
      </class> <!-- webapp.testcases.location -->
    </test> <!-- testngTest -->
  </suite> <!-- softwaretestingmaterial -->
</testng-results>
