<?xml version="1.0" encoding="UTF-8"?>
<!-- Generated by org.testng.reporters.JUnitXMLReporter -->
<testsuite hostname="smruti-ThinkPad-T420" ignored="0" name="testngTest" tests="3" failures="0" timestamp="18 Jun 2019 09:27:34 GMT" time="41.525" errors="0">
  <testcase name="verifycontact" time="16.304" classname="webapp.testcases.Contact"/>
  <testcase name="verifypack" time="16.633" classname="webapp.testcases.pack"/>
  <testcase name="verifyquick" time="8.557" classname="webapp.testcases.quick"/>
</testsuite> <!-- testngTest -->
